<?xml version="1.0" encoding="UTF-8"?>
<!-- Generated by org.testng.reporters.JUnitXMLReporter -->
<testsuite hostname="LAPTOP-KG4V20B1" name="Test" tests="187" failures="47" timestamp="10 Dec 2019 09:43:54 GMT" time="3850.134" errors="0">
  <testcase name="fenxiaoshangpin" time="0.152" classname="jinmingming.fenxiaoguanli1"/>
  <testcase name="fenxiaoshangpin" time="0.033" classname="jinmingming.fenxiaoguanli1"/>
  <testcase name="fenxiaoshangpin" time="0.03" classname="jinmingming.fenxiaoguanli1"/>
  <testcase name="fenxiaoshangpin" time="0.027" classname="jinmingming.fenxiaoguanli1"/>
  <testcase name="fenxiaoshangpin" time="0.028" classname="jinmingming.fenxiaoguanli1"/>
  <testcase name="fenxiaoshezhi" time="3.509" classname="jinmingming.fenxiaoguanli1"/>
  <testcase name="yushouguanli" time="14.949" classname="jinmingming.Click"/>
  <testcase name="dapeigouguanli" time="3.554" classname="jinmingming.Click"/>
  <testcase name="kanjiaguanli" time="3.555" classname="jinmingming.Click"/>
  <testcase name="fenxiangtuan" time="3.577" classname="jinmingming.Click"/>
  <testcase name="fenxiangtuan2" time="3.594" classname="jinmingming.Click"/>
  <testcase name="fenxiangtuan3" time="3.703" classname="jinmingming.Click"/>
  <testcase name="jilu" time="3.649" classname="jinmingming.Click"/>
  <testcase name="yingxiao1" time="26.342" classname="jinmingming.ChangYongCuXiao1"/>
  <testcase name="yingxiao1" time="19.408" classname="jinmingming.ChangYongCuXiao1"/>
  <testcase name="yingxiao1" time="19.428" classname="jinmingming.ChangYongCuXiao1"/>
  <testcase name="yingxiao1" time="19.414" classname="jinmingming.ChangYongCuXiao1"/>
  <testcase name="yingxiao1" time="19.293" classname="jinmingming.ChangYongCuXiao1"/>
  <testcase name="yingxiao1" time="25.964" classname="jinmingming.ChangYongCuXiao1">
    <failure type="java.lang.AssertionError" message="The following asserts failed:
	expected [true] but found [false]">
      <![CDATA[java.lang.AssertionError: The following asserts failed:
	expected [true] but found [false]
	at jinmingming.ChangYongCuXiao1.yingxiao1(ChangYongCuXiao1.java:81)
... Removed 25 stack frames]]>
    </failure>
  </testcase> <!-- yingxiao1 -->
  <testcase name="yingxiao1" time="26.066" classname="jinmingming.ChangYongCuXiao1"/>
  <testcase name="yingxiao1" time="19.305" classname="jinmingming.ChangYongCuXiao1"/>
  <testcase name="yingxiao1" time="19.416" classname="jinmingming.ChangYongCuXiao1"/>
  <testcase name="yingxiao1" time="19.272" classname="jinmingming.ChangYongCuXiao1"/>
  <testcase name="yingxiao1" time="26.135" classname="jinmingming.ChangYongCuXiao1"/>
  <testcase name="yingxiao1" time="22.914" classname="jinmingming.ChangYongCuXiao1"/>
  <testcase name="yingxiao1" time="19.041" classname="jinmingming.ChangYongCuXiao1"/>
  <testcase name="yingxiao1" time="25.312" classname="jinmingming.ChangYongCuXiao1">
    <failure type="java.lang.AssertionError" message="The following asserts failed:
	expected [true] but found [false]">
      <![CDATA[java.lang.AssertionError: The following asserts failed:
	expected [true] but found [false]
	at jinmingming.ChangYongCuXiao1.yingxiao1(ChangYongCuXiao1.java:81)
... Removed 25 stack frames]]>
    </failure>
  </testcase> <!-- yingxiao1 -->
  <testcase name="yingxiao1" time="30.992" classname="jinmingming.ChangYongCuXiao1">
    <failure type="java.lang.AssertionError" message="The following asserts failed:
	expected [true] but found [false]">
      <![CDATA[java.lang.AssertionError: The following asserts failed:
	expected [true] but found [false]
	at jinmingming.ChangYongCuXiao1.yingxiao1(ChangYongCuXiao1.java:135)
... Removed 25 stack frames]]>
    </failure>
  </testcase> <!-- yingxiao1 -->
  <testcase name="yingxiao" time="20.85" classname="jinmingming.ChangYongCuXiao2"/>
  <testcase name="yingxiao" time="20.46" classname="jinmingming.ChangYongCuXiao2">
    <failure type="java.lang.AssertionError" message="The following asserts failed:
	expected [true] but found [false]">
      <![CDATA[java.lang.AssertionError: The following asserts failed:
	expected [true] but found [false]
	at jinmingming.ChangYongCuXiao2.yingxiao(ChangYongCuXiao2.java:80)
... Removed 25 stack frames]]>
    </failure>
  </testcase> <!-- yingxiao -->
  <testcase name="yingxiao" time="13.714" classname="jinmingming.ChangYongCuXiao2"/>
  <testcase name="yingxiao" time="13.946" classname="jinmingming.ChangYongCuXiao2"/>
  <testcase name="yingxiao" time="20.874" classname="jinmingming.ChangYongCuXiao2">
    <failure type="java.lang.AssertionError" message="The following asserts failed:
	expected [true] but found [false]">
      <![CDATA[java.lang.AssertionError: The following asserts failed:
	expected [true] but found [false]
	at jinmingming.ChangYongCuXiao2.yingxiao(ChangYongCuXiao2.java:80)
... Removed 25 stack frames]]>
    </failure>
  </testcase> <!-- yingxiao -->
  <testcase name="yingxiao" time="20.649" classname="jinmingming.ChangYongCuXiao2">
    <failure type="java.lang.AssertionError" message="The following asserts failed:
	expected [true] but found [false]">
      <![CDATA[java.lang.AssertionError: The following asserts failed:
	expected [true] but found [false]
	at jinmingming.ChangYongCuXiao2.yingxiao(ChangYongCuXiao2.java:80)
... Removed 25 stack frames]]>
    </failure>
  </testcase> <!-- yingxiao -->
  <testcase name="yingxiao" time="20.87" classname="jinmingming.ChangYongCuXiao2"/>
  <testcase name="yingxiao" time="13.94" classname="jinmingming.ChangYongCuXiao2"/>
  <testcase name="yingxiao" time="20.54" classname="jinmingming.ChangYongCuXiao2">
    <failure type="java.lang.AssertionError" message="The following asserts failed:
	expected [true] but found [false]">
      <![CDATA[java.lang.AssertionError: The following asserts failed:
	expected [true] but found [false]
	at jinmingming.ChangYongCuXiao2.yingxiao(ChangYongCuXiao2.java:80)
... Removed 25 stack frames]]>
    </failure>
  </testcase> <!-- yingxiao -->
  <testcase name="yingxiao" time="20.415" classname="jinmingming.ChangYongCuXiao2">
    <failure type="java.lang.AssertionError" message="The following asserts failed:
	expected [true] but found [false]">
      <![CDATA[java.lang.AssertionError: The following asserts failed:
	expected [true] but found [false]
	at jinmingming.ChangYongCuXiao2.yingxiao(ChangYongCuXiao2.java:80)
... Removed 25 stack frames]]>
    </failure>
  </testcase> <!-- yingxiao -->
  <testcase name="yingxiao" time="20.603" classname="jinmingming.ChangYongCuXiao2"/>
  <testcase name="yingxiao" time="20.303" classname="jinmingming.ChangYongCuXiao2">
    <failure type="java.lang.AssertionError" message="The following asserts failed:
	expected [true] but found [false]">
      <![CDATA[java.lang.AssertionError: The following asserts failed:
	expected [true] but found [false]
	at jinmingming.ChangYongCuXiao2.yingxiao(ChangYongCuXiao2.java:80)
... Removed 25 stack frames]]>
    </failure>
  </testcase> <!-- yingxiao -->
  <testcase name="yingxiao" time="20.411" classname="jinmingming.ChangYongCuXiao2"/>
  <testcase name="yingxiao" time="20.825" classname="jinmingming.ChangYongCuXiao2">
    <failure type="java.lang.AssertionError" message="The following asserts failed:
	expected [true] but found [false]">
      <![CDATA[java.lang.AssertionError: The following asserts failed:
	expected [true] but found [false]
	at jinmingming.ChangYongCuXiao2.yingxiao(ChangYongCuXiao2.java:80)
... Removed 25 stack frames]]>
    </failure>
  </testcase> <!-- yingxiao -->
  <testcase name="eTime" time="28.005" classname="jinmingming.ChangYongCuXiao2">
    <failure type="java.lang.AssertionError" message="The following asserts failed:
	expected [true] but found [false]">
      <![CDATA[java.lang.AssertionError: The following asserts failed:
	expected [true] but found [false]
	at jinmingming.ChangYongCuXiao2.eTime(ChangYongCuXiao2.java:136)
... Removed 25 stack frames]]>
    </failure>
  </testcase> <!-- eTime -->
  <testcase name="eTime" time="17.966" classname="jinmingming.ChangYongCuXiao2"/>
  <testcase name="yingxiao" time="33.738" classname="jinmingming.ChangYongCuXiao3"/>
  <testcase name="yingxiao" time="26.643" classname="jinmingming.ChangYongCuXiao3"/>
  <testcase name="yingxiao" time="26.619" classname="jinmingming.ChangYongCuXiao3"/>
  <testcase name="yingxiao" time="26.735" classname="jinmingming.ChangYongCuXiao3"/>
  <testcase name="yingxiao" time="33.567" classname="jinmingming.ChangYongCuXiao3"/>
  <testcase name="yingxiao" time="26.412" classname="jinmingming.ChangYongCuXiao3"/>
  <testcase name="yingxiao" time="26.456" classname="jinmingming.ChangYongCuXiao3"/>
  <testcase name="yingxiao" time="33.608" classname="jinmingming.ChangYongCuXiao3">
    <failure type="java.lang.AssertionError" message="The following asserts failed:
	expected [true] but found [false]">
      <![CDATA[java.lang.AssertionError: The following asserts failed:
	expected [true] but found [false]
	at jinmingming.ChangYongCuXiao3.yingxiao(ChangYongCuXiao3.java:93)
... Removed 25 stack frames]]>
    </failure>
  </testcase> <!-- yingxiao -->
  <testcase name="yingxiao1" time="33.491" classname="jinmingming.ChangYongCuXiao3"/>
  <testcase name="yingxiao1" time="33.194" classname="jinmingming.ChangYongCuXiao3">
    <failure type="java.lang.AssertionError" message="The following asserts failed:
	expected [true] but found [false]">
      <![CDATA[java.lang.AssertionError: The following asserts failed:
	expected [true] but found [false]
	at jinmingming.ChangYongCuXiao3.yingxiao1(ChangYongCuXiao3.java:161)
... Removed 25 stack frames]]>
    </failure>
  </testcase> <!-- yingxiao1 -->
  <testcase name="yingxiao1" time="33.441" classname="jinmingming.ChangYongCuXiao3">
    <failure type="java.lang.AssertionError" message="The following asserts failed:
	expected [true] but found [false]">
      <![CDATA[java.lang.AssertionError: The following asserts failed:
	expected [true] but found [false]
	at jinmingming.ChangYongCuXiao3.yingxiao1(ChangYongCuXiao3.java:161)
... Removed 25 stack frames]]>
    </failure>
  </testcase> <!-- yingxiao1 -->
  <testcase name="yingxiao1" time="26.604" classname="jinmingming.ChangYongCuXiao3"/>
  <testcase name="yingxiao1" time="26.745" classname="jinmingming.ChangYongCuXiao3"/>
  <testcase name="yingxiao2" time="33.806" classname="jinmingming.ChangYongCuXiao3"/>
  <testcase name="yingxiao2" time="33.721" classname="jinmingming.ChangYongCuXiao3">
    <failure type="java.lang.AssertionError" message="The following asserts failed:
	expected [true] but found [false]">
      <![CDATA[java.lang.AssertionError: The following asserts failed:
	expected [true] but found [false]
	at jinmingming.ChangYongCuXiao3.yingxiao2(ChangYongCuXiao3.java:230)
... Removed 25 stack frames]]>
    </failure>
  </testcase> <!-- yingxiao2 -->
  <testcase name="yingxiao2" time="33.34" classname="jinmingming.ChangYongCuXiao3">
    <failure type="java.lang.AssertionError" message="The following asserts failed:
	expected [true] but found [false]">
      <![CDATA[java.lang.AssertionError: The following asserts failed:
	expected [true] but found [false]
	at jinmingming.ChangYongCuXiao3.yingxiao2(ChangYongCuXiao3.java:230)
... Removed 25 stack frames]]>
    </failure>
  </testcase> <!-- yingxiao2 -->
  <testcase name="yingxiao2" time="26.586" classname="jinmingming.ChangYongCuXiao3"/>
  <testcase name="yingxiao2" time="26.729" classname="jinmingming.ChangYongCuXiao3"/>
  <testcase name="yingxiao" time="35.468" classname="jinmingming.ChangYongCuXiao3">
    <failure type="java.lang.AssertionError" message="The following asserts failed:
	expected [true] but found [false]">
      <![CDATA[java.lang.AssertionError: The following asserts failed:
	expected [true] but found [false]
	at jinmingming.ChangYongCuXiao3.yingxiao(ChangYongCuXiao3.java:299)
... Removed 25 stack frames]]>
    </failure>
  </testcase> <!-- yingxiao -->
  <testcase name="yingxiao" time="28.797" classname="jinmingming.ChangYongCuXiao3"/>
  <testcase name="dingdancuxiao" time="20.603" classname="jinmingming.ChangYongCuXiao4"/>
  <testcase name="dingdancuxiao" time="9.652" classname="jinmingming.ChangYongCuXiao4"/>
  <testcase name="dingdancuxiao" time="9.487" classname="jinmingming.ChangYongCuXiao4"/>
  <testcase name="dingdancuxiao" time="19.923" classname="jinmingming.ChangYongCuXiao4">
    <failure type="java.lang.AssertionError" message="The following asserts failed:
	expected [true] but found [false]">
      <![CDATA[java.lang.AssertionError: The following asserts failed:
	expected [true] but found [false]
	at jinmingming.ChangYongCuXiao4.dingdancuxiao(ChangYongCuXiao4.java:62)
... Removed 25 stack frames]]>
    </failure>
  </testcase> <!-- dingdancuxiao -->
  <testcase name="dingdancuxiao" time="9.636" classname="jinmingming.ChangYongCuXiao4"/>
  <testcase name="dingdancuxiao" time="9.645" classname="jinmingming.ChangYongCuXiao4"/>
  <testcase name="Time" time="26.928" classname="jinmingming.ChangYongCuXiao4">
    <failure type="java.lang.AssertionError" message="The following asserts failed:
	expected [true] but found [false]">
      <![CDATA[java.lang.AssertionError: The following asserts failed:
	expected [true] but found [false]
	at jinmingming.ChangYongCuXiao4.Time(ChangYongCuXiao4.java:108)
... Removed 25 stack frames]]>
    </failure>
  </testcase> <!-- Time -->
  <testcase name="Time" time="16.373" classname="jinmingming.ChangYongCuXiao4"/>
  <testcase name="youhiujuan" time="43.928" classname="jinmingming.youhiujuan1"/>
  <testcase name="goodsMage" time="27.703" classname="demoyk.Shop">
    <failure type="java.lang.AssertionError" message="The following asserts failed:
	expected [341] but found [325]">
      <![CDATA[java.lang.AssertionError: The following asserts failed:
	expected [341] but found [325]
	at demoyk.Shop.goodsMage(Shop.java:76)
... Removed 25 stack frames]]>
    </failure>
  </testcase> <!-- goodsMage -->
  <testcase name="goodsMage" time="27.77" classname="demoyk.Shop">
    <failure type="java.lang.AssertionError" message="The following asserts failed:
	expected [341] but found [342]">
      <![CDATA[java.lang.AssertionError: The following asserts failed:
	expected [341] but found [342]
	at demoyk.Shop.goodsMage(Shop.java:76)
... Removed 25 stack frames]]>
    </failure>
  </testcase> <!-- goodsMage -->
  <testcase name="goodsMage" time="27.556" classname="demoyk.Shop"/>
  <testcase name="goodsMage" time="27.369" classname="demoyk.Shop">
    <failure type="java.lang.AssertionError" message="The following asserts failed:
	expected [342] but found [343]">
      <![CDATA[java.lang.AssertionError: The following asserts failed:
	expected [342] but found [343]
	at demoyk.Shop.goodsMage(Shop.java:76)
... Removed 25 stack frames]]>
    </failure>
  </testcase> <!-- goodsMage -->
  <testcase name="goodsMage" time="27.65" classname="demoyk.Shop"/>
  <testcase name="goodsMage" time="27.305" classname="demoyk.Shop">
    <failure type="java.lang.AssertionError" message="The following asserts failed:
	expected [343] but found [344]">
      <![CDATA[java.lang.AssertionError: The following asserts failed:
	expected [343] but found [344]
	at demoyk.Shop.goodsMage(Shop.java:76)
... Removed 25 stack frames]]>
    </failure>
  </testcase> <!-- goodsMage -->
  <testcase name="goodsMage" time="13.786" classname="demoyk.Shop">
    <failure type="org.openqa.selenium.NoSuchElementException" message="Cannot locate element with text:  
For documentation on this error, please visit: https://www.seleniumhq.org/exceptions/no_such_element.html
Build info: version: &amp;apos;3.141.59&amp;apos;, revision: &amp;apos;e82be7d358&amp;apos;, time: &amp;apos;2018-11-14T08:25:53&amp;apos;
System info: host: &amp;apos;LAPTOP-KG4V20B1&amp;apos;, ip: &amp;apos;169.254.230.29&amp;apos;, os.name: &amp;apos;Windows 10&amp;apos;, os.arch: &amp;apos;amd64&amp;apos;, os.version: &amp;apos;10.0&amp;apos;, java.version: &amp;apos;1.8.0_73&amp;apos;
Driver info: driver.version: unknown">
      <![CDATA[org.openqa.selenium.NoSuchElementException: Cannot locate element with text:  
For documentation on this error, please visit: https://www.seleniumhq.org/exceptions/no_such_element.html
Build info: version: '3.141.59', revision: 'e82be7d358', time: '2018-11-14T08:25:53'
System info: host: 'LAPTOP-KG4V20B1', ip: '169.254.230.29', os.name: 'Windows 10', os.arch: 'amd64', os.version: '10.0', java.version: '1.8.0_73'
Driver info: driver.version: unknown
	at org.openqa.selenium.support.ui.Select.selectByVisibleText(Select.java:147)
	at com.webtest.core.WebDriverEngine.selectByVisibleText(WebDriverEngine.java:236)
	at demoyk.Shop.goodsMage(Shop.java:62)
... Removed 24 stack frames]]>
    </failure>
  </testcase> <!-- goodsMage -->
  <testcase name="delGoods" time="22.808" classname="demoyk.Shop"/>
  <testcase name="goodsLabe" time="22.616" classname="demoyk.Shop"/>
  <testcase name="goodsLabe" time="22.932" classname="demoyk.Shop"/>
  <testcase name="goodsLabe" time="22.995" classname="demoyk.Shop">
    <failure type="java.lang.AssertionError" message="The following asserts failed:
	expected [true] but found [false]">
      <![CDATA[java.lang.AssertionError: The following asserts failed:
	expected [true] but found [false]
	at demoyk.Shop.goodsLabe(Shop.java:115)
... Removed 25 stack frames]]>
    </failure>
  </testcase> <!-- goodsLabe -->
  <testcase name="delLabe" time="16.156" classname="demoyk.Shop"/>
  <testcase name="brandList" time="23.373" classname="demoyk.Shop"/>
  <testcase name="brandList" time="23.137" classname="demoyk.Shop"/>
  <testcase name="brandList" time="23.385" classname="demoyk.Shop"/>
  <testcase name="brandList" time="23.38" classname="demoyk.Shop"/>
  <testcase name="brandList" time="23.417" classname="demoyk.Shop"/>
  <testcase name="branddel" time="22.575" classname="demoyk.Shop">
    <failure type="java.lang.AssertionError" message="The following asserts failed:
	expected [19] but found [20]">
      <![CDATA[java.lang.AssertionError: The following asserts failed:
	expected [19] but found [20]
	at demoyk.Shop.branddel(Shop.java:163)
... Removed 25 stack frames]]>
    </failure>
  </testcase> <!-- branddel -->
  <testcase name="goodsType" time="26.19" classname="demoyk.Shop">
    <failure type="java.lang.AssertionError" message="The following asserts failed:
	expected [22] but found [23]">
      <![CDATA[java.lang.AssertionError: The following asserts failed:
	expected [22] but found [23]
	at demoyk.Shop.goodsType(Shop.java:183)
... Removed 25 stack frames]]>
    </failure>
  </testcase> <!-- goodsType -->
  <testcase name="goodsType" time="25.926" classname="demoyk.Shop">
    <failure type="java.lang.AssertionError" message="The following asserts failed:
	expected [22] but found [23]">
      <![CDATA[java.lang.AssertionError: The following asserts failed:
	expected [22] but found [23]
	at demoyk.Shop.goodsType(Shop.java:183)
... Removed 25 stack frames]]>
    </failure>
  </testcase> <!-- goodsType -->
  <testcase name="goodsType" time="26.02" classname="demoyk.Shop">
    <failure type="java.lang.AssertionError" message="The following asserts failed:
	expected [22] but found [23]">
      <![CDATA[java.lang.AssertionError: The following asserts failed:
	expected [22] but found [23]
	at demoyk.Shop.goodsType(Shop.java:183)
... Removed 25 stack frames]]>
    </failure>
  </testcase> <!-- goodsType -->
  <testcase name="typeDel" time="22.361" classname="demoyk.Shop">
    <failure type="java.lang.AssertionError" message="The following asserts failed:
	expected [21] but found [23]">
      <![CDATA[java.lang.AssertionError: The following asserts failed:
	expected [21] but found [23]
	at demoyk.Shop.typeDel(Shop.java:203)
... Removed 25 stack frames]]>
    </failure>
  </testcase> <!-- typeDel -->
  <testcase name="setArea" time="22.42" classname="demoyk.Setting"/>
  <testcase name="setArea" time="22.353" classname="demoyk.Setting"/>
  <testcase name="setArea" time="22.447" classname="demoyk.Setting"/>
  <testcase name="setArea" time="22.365" classname="demoyk.Setting"/>
  <testcase name="setArea" time="22.488" classname="demoyk.Setting"/>
  <testcase name="delArea" time="22.476" classname="demoyk.Setting"/>
  <testcase name="addmail" time="26.853" classname="demoyk.Setting"/>
  <testcase name="addmail" time="26.763" classname="demoyk.Setting"/>
  <testcase name="addmail" time="26.742" classname="demoyk.Setting"/>
  <testcase name="addmail" time="26.941" classname="demoyk.Setting"/>
  <testcase name="delmail" time="22.417" classname="demoyk.Setting"/>
  <testcase name="addTra" time="31.283" classname="demoyk.Setting"/>
  <testcase name="addTra" time="31.162" classname="demoyk.Setting"/>
  <testcase name="addTra" time="31.136" classname="demoyk.Setting">
    <failure type="java.lang.AssertionError" message="The following asserts failed:
	expected [true] but found [false]">
      <![CDATA[java.lang.AssertionError: The following asserts failed:
	expected [true] but found [false]
	at demoyk.Setting.addTra(Setting.java:173)
... Removed 25 stack frames]]>
    </failure>
  </testcase> <!-- addTra -->
  <testcase name="messageList" time="32.193" classname="demoyk.Setting"/>
  <testcase name="messageList" time="32.125" classname="demoyk.Setting">
    <failure type="java.lang.AssertionError" message="The following asserts failed:
	expected [12] but found [13]">
      <![CDATA[java.lang.AssertionError: The following asserts failed:
	expected [12] but found [13]
	at demoyk.Setting.messageList(Setting.java:207)
... Removed 25 stack frames]]>
    </failure>
  </testcase> <!-- messageList -->
  <testcase name="messageList" time="32.183" classname="demoyk.Setting"/>
  <testcase name="messageList" time="32.227" classname="demoyk.Setting">
    <failure type="java.lang.AssertionError" message="The following asserts failed:
	expected [13] but found [14]">
      <![CDATA[java.lang.AssertionError: The following asserts failed:
	expected [13] but found [14]
	at demoyk.Setting.messageList(Setting.java:207)
... Removed 25 stack frames]]>
    </failure>
  </testcase> <!-- messageList -->
  <testcase name="delList" time="31.918" classname="demoyk.Setting"/>
  <testcase name="userMasg" time="36.002" classname="demoyk.Setting">
    <failure type="java.lang.AssertionError" message="The following asserts failed:
	expected [10] but found [11]">
      <![CDATA[java.lang.AssertionError: The following asserts failed:
	expected [10] but found [11]
	at demoyk.Setting.userMasg(Setting.java:274)
... Removed 25 stack frames]]>
    </failure>
  </testcase> <!-- userMasg -->
  <testcase name="userMasg" time="36.139" classname="demoyk.Setting"/>
  <testcase name="delUser" time="31.794" classname="demoyk.Setting"/>
  <testcase name="userMasgNosys" time="32.791" classname="demoyk.Setting">
    <failure type="java.lang.AssertionError" message="The following asserts failed:
	expected [3] but found [11]">
      <![CDATA[java.lang.AssertionError: The following asserts failed:
	expected [3] but found [11]
	at demoyk.Setting.userMasgNosys(Setting.java:339)
... Removed 25 stack frames]]>
    </failure>
  </testcase> <!-- userMasgNosys -->
  <testcase name="system" time="16.95" classname="demoyk.Setting">
    <failure type="org.openqa.selenium.NoSuchElementException" message="Cannot locate element with text: 内容设置
For documentation on this error, please visit: https://www.seleniumhq.org/exceptions/no_such_element.html
Build info: version: &amp;apos;3.141.59&amp;apos;, revision: &amp;apos;e82be7d358&amp;apos;, time: &amp;apos;2018-11-14T08:25:53&amp;apos;
System info: host: &amp;apos;LAPTOP-KG4V20B1&amp;apos;, ip: &amp;apos;169.254.230.29&amp;apos;, os.name: &amp;apos;Windows 10&amp;apos;, os.arch: &amp;apos;amd64&amp;apos;, os.version: &amp;apos;10.0&amp;apos;, java.version: &amp;apos;1.8.0_73&amp;apos;
Driver info: driver.version: unknown">
      <![CDATA[org.openqa.selenium.NoSuchElementException: Cannot locate element with text: 内容设置
For documentation on this error, please visit: https://www.seleniumhq.org/exceptions/no_such_element.html
Build info: version: '3.141.59', revision: 'e82be7d358', time: '2018-11-14T08:25:53'
System info: host: 'LAPTOP-KG4V20B1', ip: '169.254.230.29', os.name: 'Windows 10', os.arch: 'amd64', os.version: '10.0', java.version: '1.8.0_73'
Driver info: driver.version: unknown
	at org.openqa.selenium.support.ui.Select.selectByVisibleText(Select.java:147)
	at com.webtest.core.WebDriverEngine.selectByVisibleText(WebDriverEngine.java:236)
	at demoyk.Setting.system(Setting.java:359)
... Removed 24 stack frames]]>
    </failure>
  </testcase> <!-- system -->
  <testcase name="system" time="36.684" classname="demoyk.Setting"/>
  <testcase name="system" time="36.677" classname="demoyk.Setting"/>
  <testcase name="system" time="36.619" classname="demoyk.Setting"/>
  <testcase name="system" time="36.736" classname="demoyk.Setting"/>
  <testcase name="systemNot" time="33.487" classname="demoyk.Setting">
    <failure type="java.lang.AssertionError" message="The following asserts failed:
	expected [69] but found [70]">
      <![CDATA[java.lang.AssertionError: The following asserts failed:
	expected [69] but found [70]
	at demoyk.Setting.systemNot(Setting.java:412)
... Removed 25 stack frames]]>
    </failure>
  </testcase> <!-- systemNot -->
  <testcase name="delRole" time="28.554" classname="demoyk.Setting">
    <failure type="java.lang.AssertionError" message="The following asserts failed:
	expected [69] but found [68]">
      <![CDATA[java.lang.AssertionError: The following asserts failed:
	expected [69] but found [68]
	at demoyk.Setting.delRole(Setting.java:445)
... Removed 25 stack frames]]>
    </failure>
  </testcase> <!-- delRole -->
  <testcase name="test_Page" time="7.767" classname="wxpBackgroundPage.PageManage"/>
  <testcase name="test_Click01" time="10.025" classname="wxpBackgroundPage.PageManage"/>
  <testcase name="test_AddIndustry" time="3.979" classname="wxpBackgroundPage.PageManage"/>
  <testcase name="test_AddIndustry" time="3.951" classname="wxpBackgroundPage.PageManage"/>
  <testcase name="test_AddIndustry" time="3.884" classname="wxpBackgroundPage.PageManage"/>
  <testcase name="test_AddIndustry" time="3.931" classname="wxpBackgroundPage.PageManage"/>
  <testcase name="test_AddIndustry" time="3.952" classname="wxpBackgroundPage.PageManage"/>
  <testcase name="test_AddIndustry" time="3.885" classname="wxpBackgroundPage.PageManage"/>
  <testcase name="test_AddIndustry" time="3.943" classname="wxpBackgroundPage.PageManage"/>
  <testcase name="test_AddIndustry" time="3.933" classname="wxpBackgroundPage.PageManage"/>
  <testcase name="test_Click02" time="6.72" classname="wxpBackgroundPage.PageManage"/>
  <testcase name="test_AddLinkBottom" time="7.199" classname="wxpBackgroundPage.PageManage"/>
  <testcase name="test_AddLinkBottom" time="7.203" classname="wxpBackgroundPage.PageManage"/>
  <testcase name="test_AddLinkBottom" time="7.223" classname="wxpBackgroundPage.PageManage"/>
  <testcase name="test_AddLinkTop" time="6.933" classname="wxpBackgroundPage.PageManage"/>
  <testcase name="test_AddLinkTop" time="6.956" classname="wxpBackgroundPage.PageManage"/>
  <testcase name="test_AddLinkTop" time="6.901" classname="wxpBackgroundPage.PageManage"/>
  <testcase name="test_Click01" time="6.644" classname="wxpBackgroundPage.PageManage"/>
  <testcase name="test_Click01" time="6.664" classname="wxpBackgroundPage.PageManage"/>
  <testcase name="test_Click01" time="6.583" classname="wxpBackgroundPage.PageManage"/>
  <testcase name="test_Click01" time="6.582" classname="wxpBackgroundPage.PageManage"/>
  <testcase name="test_Click01" time="6.577" classname="wxpBackgroundPage.PageManage"/>
  <testcase name="test_Click01" time="6.62" classname="wxpBackgroundPage.PageManage"/>
  <testcase name="test_Click01" time="6.616" classname="wxpBackgroundPage.PageManage"/>
  <testcase name="test_Click01" time="6.642" classname="wxpBackgroundPage.PageManage"/>
  <testcase name="test_Page" time="7.712" classname="wxpBackgroundPage.ContentManage"/>
  <testcase name="test_Click01" time="9.947" classname="wxpBackgroundPage.ContentManage"/>
  <testcase name="test_AddArticlePass" time="3.656" classname="wxpBackgroundPage.ContentManage"/>
  <testcase name="test_AddArticlePass" time="3.915" classname="wxpBackgroundPage.ContentManage"/>
  <testcase name="test_AddArticlePass" time="3.901" classname="wxpBackgroundPage.ContentManage"/>
  <testcase name="test_AddArticlePass" time="3.953" classname="wxpBackgroundPage.ContentManage"/>
  <testcase name="test_AddArticlePass" time="3.952" classname="wxpBackgroundPage.ContentManage">
    <failure type="java.lang.AssertionError" message="expected [true] but found [false]">
      <![CDATA[java.lang.AssertionError: expected [true] but found [false]
	at wxpBackgroundPage.ContentManage.test_AddArticlePass(ContentManage.java:62)
... Removed 28 stack frames]]>
    </failure>
  </testcase> <!-- test_AddArticlePass -->
  <testcase name="test_AddArticleFail" time="3.76" classname="wxpBackgroundPage.ContentManage">
    <failure type="java.lang.AssertionError" message="expected [true] but found [false]">
      <![CDATA[java.lang.AssertionError: expected [true] but found [false]
	at wxpBackgroundPage.ContentManage.test_AddArticleFail(ContentManage.java:95)
... Removed 28 stack frames]]>
    </failure>
  </testcase> <!-- test_AddArticleFail -->
  <testcase name="test_AddArticleFail" time="3.997" classname="wxpBackgroundPage.ContentManage">
    <failure type="java.lang.AssertionError" message="expected [true] but found [false]">
      <![CDATA[java.lang.AssertionError: expected [true] but found [false]
	at wxpBackgroundPage.ContentManage.test_AddArticleFail(ContentManage.java:95)
... Removed 28 stack frames]]>
    </failure>
  </testcase> <!-- test_AddArticleFail -->
  <testcase name="test_AddArticleFail" time="3.996" classname="wxpBackgroundPage.ContentManage">
    <failure type="java.lang.AssertionError" message="expected [true] but found [false]">
      <![CDATA[java.lang.AssertionError: expected [true] but found [false]
	at wxpBackgroundPage.ContentManage.test_AddArticleFail(ContentManage.java:95)
... Removed 28 stack frames]]>
    </failure>
  </testcase> <!-- test_AddArticleFail -->
  <testcase name="test_AddArticleFail" time="3.953" classname="wxpBackgroundPage.ContentManage"/>
  <testcase name="test_AddArticleFail" time="3.98" classname="wxpBackgroundPage.ContentManage"/>
  <testcase name="Entry" time="16.897" classname="lixiaoyue.Test_GongYingShang"/>
  <testcase name="GetPot" time="26.81" classname="lixiaoyue.Test_GongYingShang">
    <failure type="java.lang.AssertionError" message="expected:&amp;lt;��Ա�˺ű���&amp;gt; but was:&amp;lt;�û�Ա�Ѿ��ǹ�Ӧ��&amp;gt;">
      <![CDATA[java.lang.AssertionError: expected:<��Ա�˺ű���> but was:<�û�Ա�Ѿ��ǹ�Ӧ��>
	at lixiaoyue.Test_GongYingShang.GetPot(Test_GongYingShang.java:71)
... Removed 26 stack frames]]>
    </failure>
  </testcase> <!-- GetPot -->
  <testcase name="GetPot" time="26.706" classname="lixiaoyue.Test_GongYingShang">
    <failure type="java.lang.AssertionError" message="expected:&amp;lt;��ӳɹ�&amp;gt; but was:&amp;lt;��Ӧ�̺�̨�˺Ų���Ϊ��&amp;gt;">
      <![CDATA[java.lang.AssertionError: expected:<��ӳɹ�> but was:<��Ӧ�̺�̨�˺Ų���Ϊ��>
	at lixiaoyue.Test_GongYingShang.GetPot(Test_GongYingShang.java:71)
... Removed 26 stack frames]]>
    </failure>
  </testcase> <!-- GetPot -->
  <testcase name="GetPot" time="23.284" classname="lixiaoyue.Test_GongYingShang">
    <failure type="java.lang.AssertionError" message="expected:&amp;lt;��Ӧ�����Ʋ���Ϊ��&amp;gt; but was:&amp;lt;������ͬ�Ĺ�Ӧ���˺�&amp;gt;">
      <![CDATA[java.lang.AssertionError: expected:<��Ӧ�����Ʋ���Ϊ��> but was:<������ͬ�Ĺ�Ӧ���˺�>
	at lixiaoyue.Test_GongYingShang.GetPot(Test_GongYingShang.java:71)
... Removed 26 stack frames]]>
    </failure>
  </testcase> <!-- GetPot -->
  <testcase name="GetPot" time="26.639" classname="lixiaoyue.Test_GongYingShang"/>
  <testcase name="GetPot" time="26.444" classname="lixiaoyue.Test_GongYingShang"/>
  <testcase name="GetPot" time="26.383" classname="lixiaoyue.Test_GongYingShang"/>
  <testcase name="GetPot" time="23.119" classname="lixiaoyue.Test_GongYingShang"/>
  <testcase name="GetPot" time="17.023" classname="lixiaoyue.Test_GongYingShang">
    <failure type="java.lang.AssertionError" message="expected:&amp;lt;���������&amp;gt; but was:&amp;lt;��ӳɹ�&amp;gt;">
      <![CDATA[java.lang.AssertionError: expected:<���������> but was:<��ӳɹ�>
	at lixiaoyue.Test_GongYingShang.GetPot(Test_GongYingShang.java:71)
... Removed 26 stack frames]]>
    </failure>
  </testcase> <!-- GetPot -->
  <testcase name="GetPot" time="17.056" classname="lixiaoyue.Test_GongYingShang"/>
  <testcase name="GetPot" time="20.299" classname="lixiaoyue.Test_GongYingShang"/>
  <testcase name="GetPot" time="23.431" classname="lixiaoyue.Test_GongYingShang"/>
  <testcase name="GetPot" time="23.586" classname="lixiaoyue.Test_GongYingShang">
    <failure type="java.lang.AssertionError" message="expected:&amp;lt;��¼���벻��Ϊ��&amp;gt; but was:&amp;lt;�û�Ա�Ѿ��ǹ�Ӧ��&amp;gt;">
      <![CDATA[java.lang.AssertionError: expected:<��¼���벻��Ϊ��> but was:<�û�Ա�Ѿ��ǹ�Ӧ��>
	at lixiaoyue.Test_GongYingShang.GetPot(Test_GongYingShang.java:71)
... Removed 26 stack frames]]>
    </failure>
  </testcase> <!-- GetPot -->
  <testcase name="GetPot" time="23.243" classname="lixiaoyue.Test_GongYingShang"/>
  <testcase name="GetPot" time="26.961" classname="lixiaoyue.Test_GongYingShang"/>
  <testcase name="GetPot" time="23.521" classname="lixiaoyue.Test_GongYingShang"/>
  <testcase name="Commodity" time="6.809" classname="lixiaoyue.Test_GongYingShang"/>
  <testcase name="List2" time="6.739" classname="lixiaoyue.Test_GongYingShang"/>
  <testcase name="Order" time="6.755" classname="lixiaoyue.Test_GongYingShang"/>
  <testcase name="Refund" time="8.738" classname="lixiaoyue.Test_GongYingShang"/>
  <testcase name="Goods" time="8.764" classname="lixiaoyue.Test_GongYingShang"/>
  <testcase name="List" time="7.782" classname="lixiaoyue.Test_GongYingShang"/>
  <testcase name="Apply" time="7.773" classname="lixiaoyue.Test_GongYingShang"/>
  <testcase name="Transfer" time="7.868" classname="lixiaoyue.Test_GongYingShang"/>
  <testcase name="Settlement" time="7.773" classname="lixiaoyue.Test_GongYingShang"/>
</testsuite> <!-- Test -->
