<?xml version="1.0" encoding="UTF-8"?>
<!-- Generated by org.testng.reporters.JUnitXMLReporter -->
<testsuite hostname="LAPTOP-GAD15EJN" name="Test" tests="70" failures="34" timestamp="9 Dec 2019 11:43:19 GMT" time="976.175" errors="0">
  <testcase name="addAddress_Fail1" time="5.802" classname="yjp.AddAddress"/>
  <testcase name="addAddress_Fail1" time="4.75" classname="yjp.AddAddress">
    <failure type="java.lang.AssertionError" message="The following asserts failed:
	expected [true] but found [false]">
      <![CDATA[java.lang.AssertionError: The following asserts failed:
	expected [true] but found [false]
	at yjp.AddAddress.addAddress_Fail1(AddAddress.java:83)
... Removed 25 stack frames]]>
    </failure>
  </testcase> <!-- addAddress_Fail1 -->
  <testcase name="addAddress_Fail1" time="0.275" classname="yjp.AddAddress">
    <failure type="org.openqa.selenium.NoSuchElementException" message="Cannot locate element with text: 
For documentation on this error, please visit: https://www.seleniumhq.org/exceptions/no_such_element.html
Build info: version: &amp;apos;3.141.59&amp;apos;, revision: &amp;apos;e82be7d358&amp;apos;, time: &amp;apos;2018-11-14T08:25:53&amp;apos;
System info: host: &amp;apos;LAPTOP-GAD15EJN&amp;apos;, ip: &amp;apos;169.254.0.95&amp;apos;, os.name: &amp;apos;Windows 10&amp;apos;, os.arch: &amp;apos;amd64&amp;apos;, os.version: &amp;apos;10.0&amp;apos;, java.version: &amp;apos;1.8.0_73&amp;apos;
Driver info: driver.version: unknown">
      <![CDATA[org.openqa.selenium.NoSuchElementException: Cannot locate element with text: 
For documentation on this error, please visit: https://www.seleniumhq.org/exceptions/no_such_element.html
Build info: version: '3.141.59', revision: 'e82be7d358', time: '2018-11-14T08:25:53'
System info: host: 'LAPTOP-GAD15EJN', ip: '169.254.0.95', os.name: 'Windows 10', os.arch: 'amd64', os.version: '10.0', java.version: '1.8.0_73'
Driver info: driver.version: unknown
	at org.openqa.selenium.support.ui.Select.selectByVisibleText(Select.java:147)
	at com.webtest.core.WebDriverEngine.selectByVisibleText(WebDriverEngine.java:249)
	at yjp.AddAddress.addAddress_Fail1(AddAddress.java:75)
... Removed 24 stack frames]]>
    </failure>
  </testcase> <!-- addAddress_Fail1 -->
  <testcase name="addAddress_Fail1" time="0.298" classname="yjp.AddAddress">
    <failure type="org.openqa.selenium.NoSuchElementException" message="Cannot locate element with text: 
For documentation on this error, please visit: https://www.seleniumhq.org/exceptions/no_such_element.html
Build info: version: &amp;apos;3.141.59&amp;apos;, revision: &amp;apos;e82be7d358&amp;apos;, time: &amp;apos;2018-11-14T08:25:53&amp;apos;
System info: host: &amp;apos;LAPTOP-GAD15EJN&amp;apos;, ip: &amp;apos;169.254.0.95&amp;apos;, os.name: &amp;apos;Windows 10&amp;apos;, os.arch: &amp;apos;amd64&amp;apos;, os.version: &amp;apos;10.0&amp;apos;, java.version: &amp;apos;1.8.0_73&amp;apos;
Driver info: driver.version: unknown">
      <![CDATA[org.openqa.selenium.NoSuchElementException: Cannot locate element with text: 
For documentation on this error, please visit: https://www.seleniumhq.org/exceptions/no_such_element.html
Build info: version: '3.141.59', revision: 'e82be7d358', time: '2018-11-14T08:25:53'
System info: host: 'LAPTOP-GAD15EJN', ip: '169.254.0.95', os.name: 'Windows 10', os.arch: 'amd64', os.version: '10.0', java.version: '1.8.0_73'
Driver info: driver.version: unknown
	at org.openqa.selenium.support.ui.Select.selectByVisibleText(Select.java:147)
	at com.webtest.core.WebDriverEngine.selectByVisibleText(WebDriverEngine.java:249)
	at yjp.AddAddress.addAddress_Fail1(AddAddress.java:76)
... Removed 24 stack frames]]>
    </failure>
  </testcase> <!-- addAddress_Fail1 -->
  <testcase name="addAddress_Fail1" time="4.738" classname="yjp.AddAddress"/>
  <testcase name="addAddress_Fail2" time="4.683" classname="yjp.AddAddress"/>
  <testcase name="addAddress_Fail2" time="4.747" classname="yjp.AddAddress"/>
  <testcase name="addAddress_Fail2" time="4.745" classname="yjp.AddAddress"/>
  <testcase name="addAddress_Fail2" time="4.803" classname="yjp.AddAddress">
    <failure type="java.lang.AssertionError" message="The following asserts failed:
	expected [true] but found [false]">
      <![CDATA[java.lang.AssertionError: The following asserts failed:
	expected [true] but found [false]
	at yjp.AddAddress.addAddress_Fail2(AddAddress.java:111)
... Removed 25 stack frames]]>
    </failure>
  </testcase> <!-- addAddress_Fail2 -->
  <testcase name="addAddress_Fail2" time="4.759" classname="yjp.AddAddress"/>
  <testcase name="addAddress_Fail2" time="4.811" classname="yjp.AddAddress"/>
  <testcase name="addAddress_Fail2" time="4.823" classname="yjp.AddAddress">
    <failure type="java.lang.AssertionError" message="The following asserts failed:
	expected [true] but found [false]">
      <![CDATA[java.lang.AssertionError: The following asserts failed:
	expected [true] but found [false]
	at yjp.AddAddress.addAddress_Fail2(AddAddress.java:111)
... Removed 25 stack frames]]>
    </failure>
  </testcase> <!-- addAddress_Fail2 -->
  <testcase name="addAddress_Fail2" time="4.809" classname="yjp.AddAddress"/>
  <testcase name="addAddress_Fail2" time="4.834" classname="yjp.AddAddress"/>
  <testcase name="addAddress_Success" time="3.722" classname="yjp.AddAddress"/>
  <testcase name="seeEval" time="3.778" classname="yjp.Evaluation"/>
  <testcase name="eval" time="7.785" classname="yjp.Evaluation"/>
  <testcase name="Bind_Phone" time="11.232" classname="yjp.Information"/>
  <testcase name="goToSecurity" time="7.921" classname="yjp.Information"/>
  <testcase name="modify_Birthday" time="14.839" classname="yjp.Information"/>
  <testcase name="modify_Birthday" time="15.171" classname="yjp.Information">
    <failure type="java.lang.AssertionError" message="The following asserts failed:
	expected [true] but found [false]">
      <![CDATA[java.lang.AssertionError: The following asserts failed:
	expected [true] but found [false]
	at yjp.Information.modify_Birthday(Information.java:88)
... Removed 25 stack frames]]>
    </failure>
  </testcase> <!-- modify_Birthday -->
  <testcase name="modify_Birthday" time="14.916" classname="yjp.Information">
    <failure type="java.lang.AssertionError" message="The following asserts failed:
	expected [true] but found [false]">
      <![CDATA[java.lang.AssertionError: The following asserts failed:
	expected [true] but found [false]
	at yjp.Information.modify_Birthday(Information.java:88)
... Removed 25 stack frames]]>
    </failure>
  </testcase> <!-- modify_Birthday -->
  <testcase name="modify_Birthday" time="14.781" classname="yjp.Information">
    <failure type="java.lang.AssertionError" message="The following asserts failed:
	expected [true] but found [false]">
      <![CDATA[java.lang.AssertionError: The following asserts failed:
	expected [true] but found [false]
	at yjp.Information.modify_Birthday(Information.java:88)
... Removed 25 stack frames]]>
    </failure>
  </testcase> <!-- modify_Birthday -->
  <testcase name="modify_Birthday" time="14.856" classname="yjp.Information">
    <failure type="java.lang.AssertionError" message="The following asserts failed:
	expected [true] but found [false]">
      <![CDATA[java.lang.AssertionError: The following asserts failed:
	expected [true] but found [false]
	at yjp.Information.modify_Birthday(Information.java:88)
... Removed 25 stack frames]]>
    </failure>
  </testcase> <!-- modify_Birthday -->
  <testcase name="modify_Img" time="14.558" classname="yjp.Information">
    <failure type="java.lang.AssertionError" message="The following asserts failed:
	expected [true] but found [false]">
      <![CDATA[java.lang.AssertionError: The following asserts failed:
	expected [true] but found [false]
	at yjp.Information.modify_Img(Information.java:111)
... Removed 25 stack frames]]>
    </failure>
  </testcase> <!-- modify_Img -->
  <testcase name="modify_Name" time="14.809" classname="yjp.Information"/>
  <testcase name="modify_Name" time="14.671" classname="yjp.Information">
    <failure type="java.lang.AssertionError" message="The following asserts failed:
	expected [true] but found [false]">
      <![CDATA[java.lang.AssertionError: The following asserts failed:
	expected [true] but found [false]
	at yjp.Information.modify_Name(Information.java:66)
... Removed 25 stack frames]]>
    </failure>
  </testcase> <!-- modify_Name -->
  <testcase name="modify_Name" time="14.593" classname="yjp.Information">
    <failure type="java.lang.AssertionError" message="The following asserts failed:
	expected [true] but found [false]">
      <![CDATA[java.lang.AssertionError: The following asserts failed:
	expected [true] but found [false]
	at yjp.Information.modify_Name(Information.java:66)
... Removed 25 stack frames]]>
    </failure>
  </testcase> <!-- modify_Name -->
  <testcase name="modify_Name" time="15.081" classname="yjp.Information"/>
  <testcase name="modify_Name" time="14.957" classname="yjp.Information"/>
  <testcase name="modify_Name" time="14.947" classname="yjp.Information"/>
  <testcase name="modify_Name" time="14.68" classname="yjp.Information"/>
  <testcase name="modify_Name" time="3.791" classname="yjp.Information">
    <failure type="org.openqa.selenium.InvalidArgumentException" message="File not found: E:\\2.jpeg
Build info: version: &amp;apos;3.141.59&amp;apos;, revision: &amp;apos;e82be7d358&amp;apos;, time: &amp;apos;2018-11-14T08:25:53&amp;apos;
System info: host: &amp;apos;LAPTOP-GAD15EJN&amp;apos;, ip: &amp;apos;169.254.0.95&amp;apos;, os.name: &amp;apos;Windows 10&amp;apos;, os.arch: &amp;apos;amd64&amp;apos;, os.version: &amp;apos;10.0&amp;apos;, java.version: &amp;apos;1.8.0_73&amp;apos;
Driver info: org.openqa.selenium.firefox.FirefoxDriver
Capabilities {acceptInsecureCerts: true, browserName: firefox, browserVersion: 69.0.3, javascriptEnabled: true, moz:accessibilityChecks: false, moz:buildID: 20191009172106, moz:geckodriverVersion: 0.24.0, moz:headless: false, moz:processID: 19872, moz:profile: E:\Temp\rust_mozprofile.D7V..., moz:shutdownTimeout: 60000, moz:useNonSpecCompliantPointerOrigin: false, moz:webdriverClick: true, pageLoadStrategy: normal, platform: WINDOWS, platformName: WINDOWS, platformVersion: 10.0, rotatable: false, setWindowRect: true, strictFileInteractability: false, timeouts: {implicit: 0, pageLoad: 300000, script: 30000}, unhandledPromptBehavior: dismiss and notify}
Session ID: b43ad305-98b9-4435-ab91-fa87ea37d5f1">
      <![CDATA[org.openqa.selenium.InvalidArgumentException: File not found: E:\\2.jpeg
Build info: version: '3.141.59', revision: 'e82be7d358', time: '2018-11-14T08:25:53'
System info: host: 'LAPTOP-GAD15EJN', ip: '169.254.0.95', os.name: 'Windows 10', os.arch: 'amd64', os.version: '10.0', java.version: '1.8.0_73'
Driver info: org.openqa.selenium.firefox.FirefoxDriver
Capabilities {acceptInsecureCerts: true, browserName: firefox, browserVersion: 69.0.3, javascriptEnabled: true, moz:accessibilityChecks: false, moz:buildID: 20191009172106, moz:geckodriverVersion: 0.24.0, moz:headless: false, moz:processID: 19872, moz:profile: E:\Temp\rust_mozprofile.D7V..., moz:shutdownTimeout: 60000, moz:useNonSpecCompliantPointerOrigin: false, moz:webdriverClick: true, pageLoadStrategy: normal, platform: WINDOWS, platformName: WINDOWS, platformVersion: 10.0, rotatable: false, setWindowRect: true, strictFileInteractability: false, timeouts: {implicit: 0, pageLoad: 300000, script: 30000}, unhandledPromptBehavior: dismiss and notify}
Session ID: b43ad305-98b9-4435-ab91-fa87ea37d5f1
	at org.openqa.selenium.remote.http.W3CHttpResponseCodec.createException(W3CHttpResponseCodec.java:187)
	at org.openqa.selenium.remote.http.W3CHttpResponseCodec.decode(W3CHttpResponseCodec.java:122)
	at org.openqa.selenium.remote.http.W3CHttpResponseCodec.decode(W3CHttpResponseCodec.java:49)
	at org.openqa.selenium.remote.HttpCommandExecutor.execute(HttpCommandExecutor.java:158)
	at org.openqa.selenium.remote.service.DriverCommandExecutor.execute(DriverCommandExecutor.java:83)
	at org.openqa.selenium.remote.RemoteWebDriver.execute(RemoteWebDriver.java:552)
	at org.openqa.selenium.remote.RemoteWebElement.execute(RemoteWebElement.java:285)
	at org.openqa.selenium.remote.RemoteWebElement.sendKeys(RemoteWebElement.java:106)
	at com.webtest.core.WebDriverEngine.typeAndClear(WebDriverEngine.java:133)
	at yjp.Information.modify_Name(Information.java:56)
... Removed 28 stack frames]]>
    </failure>
  </testcase> <!-- modify_Name -->
  <testcase name="modify_Success" time="7.398" classname="yjp.Information">
    <failure type="java.lang.AssertionError" message="expected [true] but found [false]">
      <![CDATA[java.lang.AssertionError: expected [true] but found [false]
	at yjp.Information.modify_Success(Information.java:132)
... Removed 28 stack frames]]>
    </failure>
  </testcase> <!-- modify_Success -->
  <testcase name="delOne" time="7.529" classname="yjp.Notice"/>
  <testcase name="details" time="0.031" classname="yjp.Notice">
    <failure type="java.lang.AssertionError" message="expected [true] but found [false]">
      <![CDATA[java.lang.AssertionError: expected [true] but found [false]
	at yjp.Notice.details(Notice.java:45)
... Removed 28 stack frames]]>
    </failure>
  </testcase> <!-- details -->
  <testcase name="GetVerifCode" time="15.615" classname="yjp.SecuritySet"/>
  <testcase name="ModifyPassword_Success" time="14.547" classname="yjp.SecuritySet"/>
  <testcase name="ModifyPswVerifCode_Fail" time="1.098" classname="yjp.SecuritySet">
    <failure type="java.lang.AssertionError" message="expected [true] but found [false]">
      <![CDATA[java.lang.AssertionError: expected [true] but found [false]
	at yjp.SecuritySet.ModifyPswVerifCode_Fail(SecuritySet.java:97)
... Removed 28 stack frames]]>
    </failure>
  </testcase> <!-- ModifyPswVerifCode_Fail -->
  <testcase name="changePsw_Success" time="11.056" classname="yjp.SecuritySet">
    <failure type="java.lang.AssertionError" message="The following asserts failed:
	expected [true] but found [false]">
      <![CDATA[java.lang.AssertionError: The following asserts failed:
	expected [true] but found [false]
	at yjp.SecuritySet.changePsw_Success(SecuritySet.java:49)
... Removed 25 stack frames]]>
    </failure>
  </testcase> <!-- changePsw_Success -->
  <testcase name="mailtest" time="0.921" classname="yjp.SecuritySet">
    <failure type="java.lang.AssertionError" message="expected [true] but found [false]">
      <![CDATA[java.lang.AssertionError: expected [true] but found [false]
	at yjp.SecuritySet.mailtest(SecuritySet.java:119)
... Removed 28 stack frames]]>
    </failure>
  </testcase> <!-- mailtest -->
  <testcase name="phoneCheck" time="0.396" classname="yjp.SecuritySet">
    <failure type="java.lang.AssertionError" message="expected [true] but found [false]">
      <![CDATA[java.lang.AssertionError: expected [true] but found [false]
	at yjp.SecuritySet.phoneCheck(SecuritySet.java:73)
... Removed 28 stack frames]]>
    </failure>
  </testcase> <!-- phoneCheck -->
  <testcase name="phoneCheck_Fail1" time="14.603" classname="yjp.SecuritySet"/>
  <testcase name="del" time="7.119" classname="yjp.AddressMag"/>
  <testcase name="modify_Success1" time="10.901" classname="yjp.AddressMag"/>
  <testcase name="setDefault" time="7.282" classname="yjp.AddressMag"/>
  <testcase name="Enquiry_Fail1" time="3.905" classname="yjp.MyOrder"/>
  <testcase name="Enquiry_Fail1" time="3.615" classname="yjp.MyOrder"/>
  <testcase name="Enquiry_Fail1" time="3.598" classname="yjp.MyOrder"/>
  <testcase name="Enquiry_Fail1" time="3.684" classname="yjp.MyOrder">
    <failure type="java.lang.AssertionError" message="The following asserts failed:
	expected [true] but found [false]">
      <![CDATA[java.lang.AssertionError: The following asserts failed:
	expected [true] but found [false]
	at yjp.MyOrder.Enquiry_Fail1(MyOrder.java:64)
... Removed 25 stack frames]]>
    </failure>
  </testcase> <!-- Enquiry_Fail1 -->
  <testcase name="Enquiry_Fail1" time="3.76" classname="yjp.MyOrder"/>
  <testcase name="Enquiry_Fail2" time="19.159" classname="yjp.MyOrder"/>
  <testcase name="Enquiry_Order" time="0.038" classname="yjp.MyOrder">
    <failure type="java.lang.AssertionError" message="expected [true] but found [false]">
      <![CDATA[java.lang.AssertionError: expected [true] but found [false]
	at yjp.MyOrder.Enquiry_Order(MyOrder.java:50)
... Removed 28 stack frames]]>
    </failure>
  </testcase> <!-- Enquiry_Order -->
  <testcase name="Enquiry_Order" time="0.033" classname="yjp.MyOrder">
    <failure type="java.lang.AssertionError" message="expected [true] but found [false]">
      <![CDATA[java.lang.AssertionError: expected [true] but found [false]
	at yjp.MyOrder.Enquiry_Order(MyOrder.java:50)
... Removed 28 stack frames]]>
    </failure>
  </testcase> <!-- Enquiry_Order -->
  <testcase name="Enquiry_Order" time="0.042" classname="yjp.MyOrder">
    <failure type="java.lang.AssertionError" message="expected [true] but found [false]">
      <![CDATA[java.lang.AssertionError: expected [true] but found [false]
	at yjp.MyOrder.Enquiry_Order(MyOrder.java:50)
... Removed 28 stack frames]]>
    </failure>
  </testcase> <!-- Enquiry_Order -->
  <testcase name="Enquiry_Order" time="0.029" classname="yjp.MyOrder">
    <failure type="java.lang.AssertionError" message="expected [true] but found [false]">
      <![CDATA[java.lang.AssertionError: expected [true] but found [false]
	at yjp.MyOrder.Enquiry_Order(MyOrder.java:50)
... Removed 28 stack frames]]>
    </failure>
  </testcase> <!-- Enquiry_Order -->
  <testcase name="cancelDetail" time="0.226" classname="yjp.MyOrder">
    <failure type="java.lang.AssertionError" message="expected [true] but found [false]">
      <![CDATA[java.lang.AssertionError: expected [true] but found [false]
	at yjp.MyOrder.cancelDetail(MyOrder.java:104)
... Removed 28 stack frames]]>
    </failure>
  </testcase> <!-- cancelDetail -->
  <testcase name="cancelOrder1" time="3.366" classname="yjp.MyOrder">
    <failure type="org.openqa.selenium.NoSuchFrameException" message="No frame element found by name or id layui-layer-iframe1
Build info: version: &amp;apos;3.141.59&amp;apos;, revision: &amp;apos;e82be7d358&amp;apos;, time: &amp;apos;2018-11-14T08:25:53&amp;apos;
System info: host: &amp;apos;LAPTOP-GAD15EJN&amp;apos;, ip: &amp;apos;169.254.0.95&amp;apos;, os.name: &amp;apos;Windows 10&amp;apos;, os.arch: &amp;apos;amd64&amp;apos;, os.version: &amp;apos;10.0&amp;apos;, java.version: &amp;apos;1.8.0_73&amp;apos;
Driver info: driver.version: unknown">
      <![CDATA[org.openqa.selenium.NoSuchFrameException: No frame element found by name or id layui-layer-iframe1
Build info: version: '3.141.59', revision: 'e82be7d358', time: '2018-11-14T08:25:53'
System info: host: 'LAPTOP-GAD15EJN', ip: '169.254.0.95', os.name: 'Windows 10', os.arch: 'amd64', os.version: '10.0', java.version: '1.8.0_73'
Driver info: driver.version: unknown
	at org.openqa.selenium.remote.RemoteWebDriver$RemoteTargetLocator.frame(RemoteWebDriver.java:885)
	at com.webtest.core.WebDriverEngine.enterFrame(WebDriverEngine.java:77)
	at yjp.MyOrder.cancelOrder1(MyOrder.java:88)
... Removed 24 stack frames]]>
    </failure>
  </testcase> <!-- cancelOrder1 -->
  <testcase name="changeState" time="0.509" classname="yjp.MyOrder"/>
  <testcase name="Enquiry_Fail" time="7.886" classname="yjp.VirtualOrder">
    <failure type="java.lang.AssertionError" message="expected [true] but found [false]">
      <![CDATA[java.lang.AssertionError: expected [true] but found [false]
	at yjp.VirtualOrder.Enquiry_Fail(VirtualOrder.java:121)
... Removed 28 stack frames]]>
    </failure>
  </testcase> <!-- Enquiry_Fail -->
  <testcase name="Enquiry_OrderByID" time="7.284" classname="yjp.VirtualOrder"/>
  <testcase name="Enquiry_OrderByName" time="7.943" classname="yjp.VirtualOrder"/>
  <testcase name="OrderDetail" time="11.646" classname="yjp.VirtualOrder">
    <failure type="java.lang.AssertionError" message="expected [true] but found [false]">
      <![CDATA[java.lang.AssertionError: expected [true] but found [false]
	at yjp.VirtualOrder.OrderDetail(VirtualOrder.java:80)
... Removed 28 stack frames]]>
    </failure>
  </testcase> <!-- OrderDetail -->
  <testcase name="assessOrder_Fail1" time="19.37" classname="yjp.VirtualOrder">
    <failure type="java.lang.AssertionError" message="expected [true] but found [false]">
      <![CDATA[java.lang.AssertionError: expected [true] but found [false]
	at yjp.VirtualOrder.assessOrder_Fail1(VirtualOrder.java:56)
... Removed 28 stack frames]]>
    </failure>
  </testcase> <!-- assessOrder_Fail1 -->
  <testcase name="assessOrder_Fail2" time="0.675" classname="yjp.VirtualOrder">
    <failure type="org.openqa.selenium.ElementClickInterceptedException" message="Element &amp;lt;img src=&amp;quot;/public/images/star-off.png&amp;quot;&amp;gt; is not clickable at point (708,194) because another element &amp;lt;div id=&amp;quot;layui-layer-shade1&amp;quot; class=&amp;quot;layui-layer-shade&amp;quot;&amp;gt; obscures it
Build info: version: &amp;apos;3.141.59&amp;apos;, revision: &amp;apos;e82be7d358&amp;apos;, time: &amp;apos;2018-11-14T08:25:53&amp;apos;
System info: host: &amp;apos;LAPTOP-GAD15EJN&amp;apos;, ip: &amp;apos;169.254.0.95&amp;apos;, os.name: &amp;apos;Windows 10&amp;apos;, os.arch: &amp;apos;amd64&amp;apos;, os.version: &amp;apos;10.0&amp;apos;, java.version: &amp;apos;1.8.0_73&amp;apos;
Driver info: org.openqa.selenium.firefox.FirefoxDriver
Capabilities {acceptInsecureCerts: true, browserName: firefox, browserVersion: 69.0.3, javascriptEnabled: true, moz:accessibilityChecks: false, moz:buildID: 20191009172106, moz:geckodriverVersion: 0.24.0, moz:headless: false, moz:processID: 3688, moz:profile: E:\Temp\rust_mozprofile.MNk..., moz:shutdownTimeout: 60000, moz:useNonSpecCompliantPointerOrigin: false, moz:webdriverClick: true, pageLoadStrategy: normal, platform: WINDOWS, platformName: WINDOWS, platformVersion: 10.0, rotatable: false, setWindowRect: true, strictFileInteractability: false, timeouts: {implicit: 0, pageLoad: 300000, script: 30000}, unhandledPromptBehavior: dismiss and notify}
Session ID: 6d85dfd1-c81e-47d9-ae12-f363293d0e3f">
      <![CDATA[org.openqa.selenium.ElementClickInterceptedException: Element <img src="/public/images/star-off.png"> is not clickable at point (708,194) because another element <div id="layui-layer-shade1" class="layui-layer-shade"> obscures it
Build info: version: '3.141.59', revision: 'e82be7d358', time: '2018-11-14T08:25:53'
System info: host: 'LAPTOP-GAD15EJN', ip: '169.254.0.95', os.name: 'Windows 10', os.arch: 'amd64', os.version: '10.0', java.version: '1.8.0_73'
Driver info: org.openqa.selenium.firefox.FirefoxDriver
Capabilities {acceptInsecureCerts: true, browserName: firefox, browserVersion: 69.0.3, javascriptEnabled: true, moz:accessibilityChecks: false, moz:buildID: 20191009172106, moz:geckodriverVersion: 0.24.0, moz:headless: false, moz:processID: 3688, moz:profile: E:\Temp\rust_mozprofile.MNk..., moz:shutdownTimeout: 60000, moz:useNonSpecCompliantPointerOrigin: false, moz:webdriverClick: true, pageLoadStrategy: normal, platform: WINDOWS, platformName: WINDOWS, platformVersion: 10.0, rotatable: false, setWindowRect: true, strictFileInteractability: false, timeouts: {implicit: 0, pageLoad: 300000, script: 30000}, unhandledPromptBehavior: dismiss and notify}
Session ID: 6d85dfd1-c81e-47d9-ae12-f363293d0e3f
	at org.openqa.selenium.remote.http.W3CHttpResponseCodec.createException(W3CHttpResponseCodec.java:187)
	at org.openqa.selenium.remote.http.W3CHttpResponseCodec.decode(W3CHttpResponseCodec.java:122)
	at org.openqa.selenium.remote.http.W3CHttpResponseCodec.decode(W3CHttpResponseCodec.java:49)
	at org.openqa.selenium.remote.HttpCommandExecutor.execute(HttpCommandExecutor.java:158)
	at org.openqa.selenium.remote.service.DriverCommandExecutor.execute(DriverCommandExecutor.java:83)
	at org.openqa.selenium.remote.RemoteWebDriver.execute(RemoteWebDriver.java:552)
	at org.openqa.selenium.remote.RemoteWebElement.execute(RemoteWebElement.java:285)
	at org.openqa.selenium.remote.RemoteWebElement.click(RemoteWebElement.java:84)
	at com.webtest.core.WebDriverEngine.click(WebDriverEngine.java:154)
	at yjp.VirtualOrder.assessOrder_Fail2(VirtualOrder.java:66)
... Removed 28 stack frames]]>
    </failure>
  </testcase> <!-- assessOrder_Fail2 -->
  <testcase name="cancelOrder" time="3.911" classname="yjp.VirtualOrder">
    <failure type="java.lang.AssertionError" message="expected [true] but found [false]">
      <![CDATA[java.lang.AssertionError: expected [true] but found [false]
	at yjp.VirtualOrder.cancelOrder(VirtualOrder.java:96)
... Removed 28 stack frames]]>
    </failure>
  </testcase> <!-- cancelOrder -->
  <testcase name="selectOrder" time="13.332" classname="yjp.VirtualOrder">
    <failure type="java.lang.AssertionError" message="expected [true] but found [false]">
      <![CDATA[java.lang.AssertionError: expected [true] but found [false]
	at yjp.VirtualOrder.selectOrder(VirtualOrder.java:41)
... Removed 28 stack frames]]>
    </failure>
  </testcase> <!-- selectOrder -->
  <testcase name="input" time="7.388" classname="yjp.Distribution"/>
  <testcase name="invitation" time="12.665" classname="yjp.Distribution">
    <failure type="java.lang.AssertionError" message="expected [true] but found [false]">
      <![CDATA[java.lang.AssertionError: expected [true] but found [false]
	at yjp.Distribution.invitation(Distribution.java:38)
... Removed 28 stack frames]]>
    </failure>
  </testcase> <!-- invitation -->
  <testcase name="rebate" time="4.199" classname="yjp.Distribution">
    <failure type="java.lang.AssertionError" message="expected [true] but found [false]">
      <![CDATA[java.lang.AssertionError: expected [true] but found [false]
	at yjp.Distribution.rebate(Distribution.java:30)
... Removed 28 stack frames]]>
    </failure>
  </testcase> <!-- rebate -->
</testsuite> <!-- Test -->
