<html>
<head>
<title>TestNG:  Default test</title>
<link href="../testng.css" rel="stylesheet" type="text/css" />
<link href="../my-testng.css" rel="stylesheet" type="text/css" />

<style type="text/css">
.log { display: none;} 
.stack-trace { display: none;} 
</style>
<script type="text/javascript">
<!--
function flip(e) {
  current = e.style.display;
  if (current == 'block') {
    e.style.display = 'none';
    return 0;
  }
  else {
    e.style.display = 'block';
    return 1;
  }
}

function toggleBox(szDivId, elem, msg1, msg2)
{
  var res = -1;  if (document.getElementById) {
    res = flip(document.getElementById(szDivId));
  }
  else if (document.all) {
    // this is the way old msie versions work
    res = flip(document.all[szDivId]);
  }
  if(elem) {
    if(res == 0) elem.innerHTML = msg1; else elem.innerHTML = msg2;
  }

}

function toggleAllBoxes() {
  if (document.getElementsByTagName) {
    d = document.getElementsByTagName('div');
    for (i = 0; i < d.length; i++) {
      if (d[i].className == 'log') {
        flip(d[i]);
      }
    }
  }
}

// -->
</script>

</head>
<body>
<h2 align='center'>Default test</h2><table border='1' align="center">
<tr>
<td>Tests passed/Failed/Skipped:</td><td>12/3/0</td>
</tr><tr>
<td>Started on:</td><td>Mon Dec 16 19:45:46 CST 2019</td>
</tr>
<tr><td>Total time:</td><td>2 seconds (2625 ms)</td>
</tr><tr>
<td>Included groups:</td><td></td>
</tr><tr>
<td>Excluded groups:</td><td></td>
</tr>
</table><p/>
<small><i>(Hover the method name to see the test class name)</i></small><p/>
<table width='100%' border='1' class='invocation-failed'>
<tr><td colspan='4' align='center'><b>FAILED TESTS</b></td></tr>
<tr><td><b>Test method</b></td>
<td width="30%"><b>Exception</b></td>
<td width="10%"><b>Time (seconds)</b></td>
<td><b>Instance</b></td>
</tr>
<tr>
<td title='interfacetest.Jktest.Tjaddress()'><b>Tjaddress</b><br>Test class: interfacetest.Jktest<br>Test method: 新增地址<br>Parameters: 123, 12345678901, 浙江大学, 浙江省, 杭州市, 滨江区, receiverName参数类型不正确</td>
<td><div><pre>java.lang.Exception: expectedValue doesn&apos;t match actualValue,actual Value is :success; expected Value is :receiverName参数类型不正确
	at com.edu.utils.Checker.verify(Checker.java:64)
	at com.edu.utils.Checker.verifyXpath(Checker.java:47)
	at interfacetest.Jktest.Tjaddress(Jktest.java:57)
	at sun.reflect.NativeMethodAccessorImpl.invoke0(Native Method)
	at sun.reflect.NativeMethodAccessorImpl.invoke(Unknown Source)
	at sun.reflect.DelegatingMethodAccessorImpl.invoke(Unknown Source)
	at java.lang.reflect.Method.invoke(Unknown Source)
	at org.testng.internal.MethodInvocationHelper.invokeMethod(MethodInvocationHelper.java:86)
	at org.testng.internal.Invoker.invokeMethod(Invoker.java:645)
	at org.testng.internal.Invoker.invokeTestMethod(Invoker.java:822)
	at org.testng.internal.Invoker.invokeTestMethods(Invoker.java:1130)
	at org.testng.internal.TestMethodWorker.invokeTestMethods(TestMethodWorker.java:129)
	at org.testng.internal.TestMethodWorker.run(TestMethodWorker.java:112)
	at org.testng.TestRunner.privateRun(TestRunner.java:782)
	at org.testng.TestRunner.run(TestRunner.java:632)
	at org.testng.SuiteRunner.runTest(SuiteRunner.java:366)
	at org.testng.SuiteRunner.runSequentially(SuiteRunner.java:361)
	at org.testng.SuiteRunner.privateRun(SuiteRunner.java:319)
	at org.testng.SuiteRunner.run(SuiteRunner.java:268)
	at org.testng.SuiteRunnerWorker.runSuite(SuiteRunnerWorker.java:52)
	at org.testng.SuiteRunnerWorker.run(SuiteRunnerWorker.java:86)
	at org.testng.TestNG.runSuitesSequentially(TestNG.java:1244)
	at org.testng.TestNG.runSuitesLocally(TestNG.java:1169)
	at org.testng.TestNG.run(TestNG.java:1064)
	at org.testng.remote.RemoteTestNG.run(RemoteTestNG.java:113)
	at org.testng.remote.RemoteTestNG.initAndRun(RemoteTestNG.java:206)
	at org.testng.remote.RemoteTestNG.main(RemoteTestNG.java:177)
</pre></div><a href='#' onClick='toggleBox("stack-trace1458621573", this, "Click to show all stack frames", "Click to hide stack frames")'>Click to show all stack frames</a>
<div class='stack-trace' id='stack-trace1458621573'><pre>java.lang.Exception: expectedValue doesn&apos;t match actualValue,actual Value is :success; expected Value is :receiverName参数类型不正确
	at com.edu.utils.Checker.verify(Checker.java:64)
	at com.edu.utils.Checker.verifyXpath(Checker.java:47)
	at interfacetest.Jktest.Tjaddress(Jktest.java:57)
	at sun.reflect.NativeMethodAccessorImpl.invoke0(Native Method)
	at sun.reflect.NativeMethodAccessorImpl.invoke(Unknown Source)
	at sun.reflect.DelegatingMethodAccessorImpl.invoke(Unknown Source)
	at java.lang.reflect.Method.invoke(Unknown Source)
	at org.testng.internal.MethodInvocationHelper.invokeMethod(MethodInvocationHelper.java:86)
	at org.testng.internal.Invoker.invokeMethod(Invoker.java:645)
	at org.testng.internal.Invoker.invokeTestMethod(Invoker.java:822)
	at org.testng.internal.Invoker.invokeTestMethods(Invoker.java:1130)
	at org.testng.internal.TestMethodWorker.invokeTestMethods(TestMethodWorker.java:129)
	at org.testng.internal.TestMethodWorker.run(TestMethodWorker.java:112)
	at org.testng.TestRunner.privateRun(TestRunner.java:782)
	at org.testng.TestRunner.run(TestRunner.java:632)
	at org.testng.SuiteRunner.runTest(SuiteRunner.java:366)
	at org.testng.SuiteRunner.runSequentially(SuiteRunner.java:361)
	at org.testng.SuiteRunner.privateRun(SuiteRunner.java:319)
	at org.testng.SuiteRunner.run(SuiteRunner.java:268)
	at org.testng.SuiteRunnerWorker.runSuite(SuiteRunnerWorker.java:52)
	at org.testng.SuiteRunnerWorker.run(SuiteRunnerWorker.java:86)
	at org.testng.TestNG.runSuitesSequentially(TestNG.java:1244)
	at org.testng.TestNG.runSuitesLocally(TestNG.java:1169)
	at org.testng.TestNG.run(TestNG.java:1064)
	at org.testng.remote.RemoteTestNG.run(RemoteTestNG.java:113)
	at org.testng.remote.RemoteTestNG.initAndRun(RemoteTestNG.java:206)
	at org.testng.remote.RemoteTestNG.main(RemoteTestNG.java:177)
</pre></div></td>
<td>0</td>
<td>interfacetest.Jktest@75bd9247</td></tr>
<tr>
<td title='interfacetest.Jktest.Tjaddress()'><b>Tjaddress</b><br>Test class: interfacetest.Jktest<br>Test method: 新增地址<br>Parameters: , 12345678901, 浙江大学, 浙江省, 杭州市, 滨江区, receiverName参数类型不正确</td>
<td><div><pre>java.lang.Exception: expectedValue doesn&apos;t match actualValue,actual Value is :success; expected Value is :receiverName参数类型不正确
	at com.edu.utils.Checker.verify(Checker.java:64)
	at com.edu.utils.Checker.verifyXpath(Checker.java:47)
	at interfacetest.Jktest.Tjaddress(Jktest.java:57)
	at sun.reflect.NativeMethodAccessorImpl.invoke0(Native Method)
	at sun.reflect.NativeMethodAccessorImpl.invoke(Unknown Source)
	at sun.reflect.DelegatingMethodAccessorImpl.invoke(Unknown Source)
	at java.lang.reflect.Method.invoke(Unknown Source)
	at org.testng.internal.MethodInvocationHelper.invokeMethod(MethodInvocationHelper.java:86)
	at org.testng.internal.Invoker.invokeMethod(Invoker.java:645)
	at org.testng.internal.Invoker.invokeTestMethod(Invoker.java:822)
	at org.testng.internal.Invoker.invokeTestMethods(Invoker.java:1130)
	at org.testng.internal.TestMethodWorker.invokeTestMethods(TestMethodWorker.java:129)
	at org.testng.internal.TestMethodWorker.run(TestMethodWorker.java:112)
	at org.testng.TestRunner.privateRun(TestRunner.java:782)
	at org.testng.TestRunner.run(TestRunner.java:632)
	at org.testng.SuiteRunner.runTest(SuiteRunner.java:366)
	at org.testng.SuiteRunner.runSequentially(SuiteRunner.java:361)
	at org.testng.SuiteRunner.privateRun(SuiteRunner.java:319)
	at org.testng.SuiteRunner.run(SuiteRunner.java:268)
	at org.testng.SuiteRunnerWorker.runSuite(SuiteRunnerWorker.java:52)
	at org.testng.SuiteRunnerWorker.run(SuiteRunnerWorker.java:86)
	at org.testng.TestNG.runSuitesSequentially(TestNG.java:1244)
	at org.testng.TestNG.runSuitesLocally(TestNG.java:1169)
	at org.testng.TestNG.run(TestNG.java:1064)
	at org.testng.remote.RemoteTestNG.run(RemoteTestNG.java:113)
	at org.testng.remote.RemoteTestNG.initAndRun(RemoteTestNG.java:206)
	at org.testng.remote.RemoteTestNG.main(RemoteTestNG.java:177)
</pre></div><a href='#' onClick='toggleBox("stack-trace1494346128", this, "Click to show all stack frames", "Click to hide stack frames")'>Click to show all stack frames</a>
<div class='stack-trace' id='stack-trace1494346128'><pre>java.lang.Exception: expectedValue doesn&apos;t match actualValue,actual Value is :success; expected Value is :receiverName参数类型不正确
	at com.edu.utils.Checker.verify(Checker.java:64)
	at com.edu.utils.Checker.verifyXpath(Checker.java:47)
	at interfacetest.Jktest.Tjaddress(Jktest.java:57)
	at sun.reflect.NativeMethodAccessorImpl.invoke0(Native Method)
	at sun.reflect.NativeMethodAccessorImpl.invoke(Unknown Source)
	at sun.reflect.DelegatingMethodAccessorImpl.invoke(Unknown Source)
	at java.lang.reflect.Method.invoke(Unknown Source)
	at org.testng.internal.MethodInvocationHelper.invokeMethod(MethodInvocationHelper.java:86)
	at org.testng.internal.Invoker.invokeMethod(Invoker.java:645)
	at org.testng.internal.Invoker.invokeTestMethod(Invoker.java:822)
	at org.testng.internal.Invoker.invokeTestMethods(Invoker.java:1130)
	at org.testng.internal.TestMethodWorker.invokeTestMethods(TestMethodWorker.java:129)
	at org.testng.internal.TestMethodWorker.run(TestMethodWorker.java:112)
	at org.testng.TestRunner.privateRun(TestRunner.java:782)
	at org.testng.TestRunner.run(TestRunner.java:632)
	at org.testng.SuiteRunner.runTest(SuiteRunner.java:366)
	at org.testng.SuiteRunner.runSequentially(SuiteRunner.java:361)
	at org.testng.SuiteRunner.privateRun(SuiteRunner.java:319)
	at org.testng.SuiteRunner.run(SuiteRunner.java:268)
	at org.testng.SuiteRunnerWorker.runSuite(SuiteRunnerWorker.java:52)
	at org.testng.SuiteRunnerWorker.run(SuiteRunnerWorker.java:86)
	at org.testng.TestNG.runSuitesSequentially(TestNG.java:1244)
	at org.testng.TestNG.runSuitesLocally(TestNG.java:1169)
	at org.testng.TestNG.run(TestNG.java:1064)
	at org.testng.remote.RemoteTestNG.run(RemoteTestNG.java:113)
	at org.testng.remote.RemoteTestNG.initAndRun(RemoteTestNG.java:206)
	at org.testng.remote.RemoteTestNG.main(RemoteTestNG.java:177)
</pre></div></td>
<td>0</td>
<td>interfacetest.Jktest@75bd9247</td></tr>
<tr>
<td title='interfacetest.Jktest.Tjaddress()'><b>Tjaddress</b><br>Test class: interfacetest.Jktest<br>Test method: 新增地址<br>Parameters: 张三, 12345678902, 浙江大学, 浙江省, 杭州市, 滨江区, 请求参数不正确</td>
<td><div><pre>java.lang.Exception: expectedValue doesn&apos;t match actualValue,actual Value is :success; expected Value is :请求参数不正确
	at com.edu.utils.Checker.verify(Checker.java:64)
	at com.edu.utils.Checker.verifyXpath(Checker.java:47)
	at interfacetest.Jktest.Tjaddress(Jktest.java:57)
	at sun.reflect.NativeMethodAccessorImpl.invoke0(Native Method)
	at sun.reflect.NativeMethodAccessorImpl.invoke(Unknown Source)
	at sun.reflect.DelegatingMethodAccessorImpl.invoke(Unknown Source)
	at java.lang.reflect.Method.invoke(Unknown Source)
	at org.testng.internal.MethodInvocationHelper.invokeMethod(MethodInvocationHelper.java:86)
	at org.testng.internal.Invoker.invokeMethod(Invoker.java:645)
	at org.testng.internal.Invoker.invokeTestMethod(Invoker.java:822)
	at org.testng.internal.Invoker.invokeTestMethods(Invoker.java:1130)
	at org.testng.internal.TestMethodWorker.invokeTestMethods(TestMethodWorker.java:129)
	at org.testng.internal.TestMethodWorker.run(TestMethodWorker.java:112)
	at org.testng.TestRunner.privateRun(TestRunner.java:782)
	at org.testng.TestRunner.run(TestRunner.java:632)
	at org.testng.SuiteRunner.runTest(SuiteRunner.java:366)
	at org.testng.SuiteRunner.runSequentially(SuiteRunner.java:361)
	at org.testng.SuiteRunner.privateRun(SuiteRunner.java:319)
	at org.testng.SuiteRunner.run(SuiteRunner.java:268)
	at org.testng.SuiteRunnerWorker.runSuite(SuiteRunnerWorker.java:52)
	at org.testng.SuiteRunnerWorker.run(SuiteRunnerWorker.java:86)
	at org.testng.TestNG.runSuitesSequentially(TestNG.java:1244)
	at org.testng.TestNG.runSuitesLocally(TestNG.java:1169)
	at org.testng.TestNG.run(TestNG.java:1064)
	at org.testng.remote.RemoteTestNG.run(RemoteTestNG.java:113)
	at org.testng.remote.RemoteTestNG.initAndRun(RemoteTestNG.java:206)
	at org.testng.remote.RemoteTestNG.main(RemoteTestNG.java:177)
</pre></div><a href='#' onClick='toggleBox("stack-trace1640612861", this, "Click to show all stack frames", "Click to hide stack frames")'>Click to show all stack frames</a>
<div class='stack-trace' id='stack-trace1640612861'><pre>java.lang.Exception: expectedValue doesn&apos;t match actualValue,actual Value is :success; expected Value is :请求参数不正确
	at com.edu.utils.Checker.verify(Checker.java:64)
	at com.edu.utils.Checker.verifyXpath(Checker.java:47)
	at interfacetest.Jktest.Tjaddress(Jktest.java:57)
	at sun.reflect.NativeMethodAccessorImpl.invoke0(Native Method)
	at sun.reflect.NativeMethodAccessorImpl.invoke(Unknown Source)
	at sun.reflect.DelegatingMethodAccessorImpl.invoke(Unknown Source)
	at java.lang.reflect.Method.invoke(Unknown Source)
	at org.testng.internal.MethodInvocationHelper.invokeMethod(MethodInvocationHelper.java:86)
	at org.testng.internal.Invoker.invokeMethod(Invoker.java:645)
	at org.testng.internal.Invoker.invokeTestMethod(Invoker.java:822)
	at org.testng.internal.Invoker.invokeTestMethods(Invoker.java:1130)
	at org.testng.internal.TestMethodWorker.invokeTestMethods(TestMethodWorker.java:129)
	at org.testng.internal.TestMethodWorker.run(TestMethodWorker.java:112)
	at org.testng.TestRunner.privateRun(TestRunner.java:782)
	at org.testng.TestRunner.run(TestRunner.java:632)
	at org.testng.SuiteRunner.runTest(SuiteRunner.java:366)
	at org.testng.SuiteRunner.runSequentially(SuiteRunner.java:361)
	at org.testng.SuiteRunner.privateRun(SuiteRunner.java:319)
	at org.testng.SuiteRunner.run(SuiteRunner.java:268)
	at org.testng.SuiteRunnerWorker.runSuite(SuiteRunnerWorker.java:52)
	at org.testng.SuiteRunnerWorker.run(SuiteRunnerWorker.java:86)
	at org.testng.TestNG.runSuitesSequentially(TestNG.java:1244)
	at org.testng.TestNG.runSuitesLocally(TestNG.java:1169)
	at org.testng.TestNG.run(TestNG.java:1064)
	at org.testng.remote.RemoteTestNG.run(RemoteTestNG.java:113)
	at org.testng.remote.RemoteTestNG.initAndRun(RemoteTestNG.java:206)
	at org.testng.remote.RemoteTestNG.main(RemoteTestNG.java:177)
</pre></div></td>
<td>0</td>
<td>interfacetest.Jktest@75bd9247</td></tr>
</table><p>
<table width='100%' border='1' class='invocation-passed'>
<tr><td colspan='4' align='center'><b>PASSED TESTS</b></td></tr>
<tr><td><b>Test method</b></td>
<td width="30%"><b>Exception</b></td>
<td width="10%"><b>Time (seconds)</b></td>
<td><b>Instance</b></td>
</tr>
<tr>
<td title='interfacetest.Jktest.Tjaddress()'><b>Tjaddress</b><br>Test class: interfacetest.Jktest<br>Test method: 新增地址<br>Parameters: 张三, 12345678901, 浙江大学, 浙江省, 杭州市, 滨江区, success</td>
<td></td>
<td>1</td>
<td>interfacetest.Jktest@75bd9247</td></tr>
<tr>
<td title='interfacetest.Jktest.Tjaddress()'><b>Tjaddress</b><br>Test class: interfacetest.Jktest<br>Test method: 新增地址<br>Parameters: 张三, 12345678, 浙江大学, 浙江省, 杭州市, 滨江区, cellPhone参数类型不正确</td>
<td></td>
<td>0</td>
<td>interfacetest.Jktest@75bd9247</td></tr>
<tr>
<td title='interfacetest.Jktest.Tjaddress()'><b>Tjaddress</b><br>Test class: interfacetest.Jktest<br>Test method: 新增地址<br>Parameters: 张三, 12345678901, 123, 浙江省, 杭州市, 滨江区, addressDetail参数类型不正确</td>
<td></td>
<td>0</td>
<td>interfacetest.Jktest@75bd9247</td></tr>
<tr>
<td title='interfacetest.Jktest.Tjaddress()'><b>Tjaddress</b><br>Test class: interfacetest.Jktest<br>Test method: 新增地址<br>Parameters: 张三, 12345678901, 浙江大学, 571, 杭州市, 滨江区, province参数类型不正确</td>
<td></td>
<td>0</td>
<td>interfacetest.Jktest@75bd9247</td></tr>
<tr>
<td title='interfacetest.Jktest.Tjaddress()'><b>Tjaddress</b><br>Test class: interfacetest.Jktest<br>Test method: 新增地址<br>Parameters: 张三, 12345678901, 浙江大学, 浙江省, 571, 滨江区, city参数类型不正确</td>
<td></td>
<td>0</td>
<td>interfacetest.Jktest@75bd9247</td></tr>
<tr>
<td title='interfacetest.Jktest.Tjaddress()'><b>Tjaddress</b><br>Test class: interfacetest.Jktest<br>Test method: 新增地址<br>Parameters: 张三, 12345678901, 浙江大学, 浙江省, 杭州市, 571, area参数类型不正确</td>
<td></td>
<td>0</td>
<td>interfacetest.Jktest@75bd9247</td></tr>
<tr>
<td title='interfacetest.Jktest.Tjaddress()'><b>Tjaddress</b><br>Test class: interfacetest.Jktest<br>Test method: 新增地址<br>Parameters: 张三, , 浙江大学, 浙江省, 杭州市, 滨江区, cellPhone参数类型不正确</td>
<td></td>
<td>0</td>
<td>interfacetest.Jktest@75bd9247</td></tr>
<tr>
<td title='interfacetest.Jktest.Tjaddress()'><b>Tjaddress</b><br>Test class: interfacetest.Jktest<br>Test method: 新增地址<br>Parameters: 张三, 12345678903, , 浙江省, 杭州市, 滨江区, addressDetail参数类型不正确</td>
<td></td>
<td>0</td>
<td>interfacetest.Jktest@75bd9247</td></tr>
<tr>
<td title='interfacetest.Jktest.Tjaddress()'><b>Tjaddress</b><br>Test class: interfacetest.Jktest<br>Test method: 新增地址<br>Parameters: 张三, 12345678904, 浙江大学, , 杭州市, 滨江区, province参数类型不正确</td>
<td></td>
<td>0</td>
<td>interfacetest.Jktest@75bd9247</td></tr>
<tr>
<td title='interfacetest.Jktest.Tjaddress()'><b>Tjaddress</b><br>Test class: interfacetest.Jktest<br>Test method: 新增地址<br>Parameters: 张三, 12345678905, 浙江大学, 浙江省, , 滨江区, city参数类型不正确</td>
<td></td>
<td>0</td>
<td>interfacetest.Jktest@75bd9247</td></tr>
<tr>
<td title='interfacetest.Jktest.Tjaddress()'><b>Tjaddress</b><br>Test class: interfacetest.Jktest<br>Test method: 新增地址<br>Parameters: 张三, 12345678906, 浙江大学, 浙江省, 杭州市, , area参数类型不正确</td>
<td></td>
<td>0</td>
<td>interfacetest.Jktest@75bd9247</td></tr>
<tr>
<td title='interfacetest.Jktest.Tjaddress()'><b>Tjaddress</b><br>Test class: interfacetest.Jktest<br>Test method: 新增地址<br>Parameters: 张三, 12345678907, 复旦大学, 上海市, 上海市, 黄埔区, province参数类型不正确</td>
<td></td>
<td>0</td>
<td>interfacetest.Jktest@75bd9247</td></tr>
</table><p>
</body>
</html>